Log file open, 03/16/21 22:17:46
LogInit: Display: Running engine for game: my2d
LogPlatformFile: Not using cached read wrapper
LogTaskGraph: Started task graph with 5 named threads and 35 total threads with 3 sets of task threads.
LogStats: Stats thread started at 8.632752
LogD3D11RHI: Loaded GFSDK_Aftermath_Lib.x64.dll
LogICUInternationalization: ICU TimeZone Detection - Raw Offset: +8:00, Platform Override: ''
LogPluginManager: Mounting plugin Paper2D
LogPluginManager: Mounting plugin AISupport
LogPluginManager: Mounting plugin LightPropagationVolume
LogPluginManager: Mounting plugin CameraShakePreviewer
LogPluginManager: Mounting plugin ActorLayerUtilities
LogPluginManager: Mounting plugin AnimationSharing
LogPluginManager: Mounting plugin CLionSourceCodeAccess
LogPluginManager: Mounting plugin CodeLiteSourceCodeAccess
LogPluginManager: Mounting plugin GitSourceControl
LogPluginManager: Mounting plugin KDevelopSourceCodeAccess
LogPluginManager: Mounting plugin NullSourceCodeAccess
LogPluginManager: Mounting plugin PerforceSourceControl
LogPluginManager: Mounting plugin PlasticSourceControl
LogPluginManager: Mounting plugin RiderSourceCodeAccess
LogPluginManager: Mounting plugin SubversionSourceControl
LogPluginManager: Mounting plugin UObjectPlugin
LogPluginManager: Mounting plugin VisualStudioCodeSourceCodeAccess
LogPluginManager: Mounting plugin VisualStudioSourceCodeAccess
LogPluginManager: Mounting plugin XCodeSourceCodeAccess
LogPluginManager: Mounting plugin AssetManagerEditor
LogPluginManager: Mounting plugin CryptoKeys
LogPluginManager: Mounting plugin CurveEditorTools
LogPluginManager: Mounting plugin DataValidation
LogPluginManager: Mounting plugin EditorScriptingUtilities
LogPluginManager: Mounting plugin FacialAnimation
LogPluginManager: Mounting plugin GameplayTagsEditor
LogPluginManager: Mounting plugin GeometryMode
LogPluginManager: Mounting plugin MacGraphicsSwitching
LogPluginManager: Mounting plugin MaterialAnalyzer
LogPluginManager: Mounting plugin MobileLauncherProfileWizard
LogPluginManager: Mounting plugin PluginBrowser
LogPluginManager: Mounting plugin SpeedTreeImporter
LogPluginManager: Mounting plugin DatasmithContent
LogPluginManager: Mounting plugin VariantManagerContent
LogPluginManager: Mounting plugin AlembicImporter
LogPluginManager: Mounting plugin AutomationUtils
LogPluginManager: Mounting plugin BackChannel
LogPluginManager: Mounting plugin ChaosCloth
LogPluginManager: Mounting plugin ChaosClothEditor
LogPluginManager: Mounting plugin ChaosEditor
LogPluginManager: Mounting plugin ChaosNiagara
LogPluginManager: Mounting plugin ChaosSolverPlugin
LogPluginManager: Mounting plugin CharacterAI
LogPluginManager: Mounting plugin GeometryCache
LogPluginManager: Mounting plugin GeometryCollectionPlugin
LogPluginManager: Mounting plugin GeometryProcessing
LogPluginManager: Mounting plugin PlanarCut
LogPluginManager: Mounting plugin PlatformCrypto
LogPluginManager: Mounting plugin ProxyLODPlugin
LogPluginManager: Mounting plugin SkeletalReduction
LogPluginManager: Mounting plugin Niagara
LogPluginManager: Mounting plugin MagicLeap
LogPluginManager: Mounting plugin MagicLeapLightEstimation
LogPluginManager: Mounting plugin MagicLeapMedia
LogPluginManager: Mounting plugin MagicLeapPassableWorld
LogPluginManager: Mounting plugin MLSDK
LogPluginManager: Mounting plugin AndroidMedia
LogPluginManager: Mounting plugin AvfMedia
LogPluginManager: Mounting plugin ImgMedia
LogPluginManager: Mounting plugin MediaCompositing
LogPluginManager: Mounting plugin MediaPlayerEditor
LogPluginManager: Mounting plugin WebMMedia
LogPluginManager: Mounting plugin WmfMedia
LogPluginManager: Mounting plugin MeshPainting
LogPluginManager: Mounting plugin TcpMessaging
LogPluginManager: Mounting plugin UdpMessaging
LogPluginManager: Mounting plugin ActorSequence
LogPluginManager: Mounting plugin LevelSequenceEditor
LogPluginManager: Mounting plugin MatineeToLevelSequence
LogPluginManager: Mounting plugin MovieRenderPipeline
LogPluginManager: Mounting plugin TemplateSequence
LogPluginManager: Mounting plugin NetcodeUnitTest
LogPluginManager: Mounting plugin NUTUnrealEngine4
LogPluginManager: Mounting plugin OnlineSubsystemGooglePlay
LogPluginManager: Mounting plugin OnlineSubsystemIOS
LogPluginManager: Mounting plugin OnlineSubsystem
LogPluginManager: Mounting plugin OnlineSubsystemNull
LogPluginManager: Mounting plugin OnlineSubsystemUtils
LogPluginManager: Mounting plugin LauncherChunkInstaller
LogPluginManager: Mounting plugin AndroidDeviceProfileSelector
LogPluginManager: Mounting plugin AndroidMoviePlayer
LogPluginManager: Mounting plugin AndroidPermission
LogPluginManager: Mounting plugin AppleImageUtils
LogPluginManager: Mounting plugin AppleMoviePlayer
LogPluginManager: Mounting plugin ArchVisCharacter
LogPluginManager: Mounting plugin AssetTags
LogPluginManager: Mounting plugin AudioCapture
LogPluginManager: Mounting plugin CableComponent
LogPluginManager: Mounting plugin CustomMeshComponent
LogPluginManager: Mounting plugin EditableMesh
LogPluginManager: Mounting plugin ExampleDeviceProfileSelector
LogPluginManager: Mounting plugin GoogleCloudMessaging
LogPluginManager: Mounting plugin GooglePAD
LogPluginManager: Mounting plugin IOSDeviceProfileSelector
LogPluginManager: Mounting plugin LinuxDeviceProfileSelector
LogPluginManager: Mounting plugin LocationServicesBPLibrary
LogPluginManager: Mounting plugin MobilePatchingUtils
LogPluginManager: Mounting plugin OculusVR
LogPluginManager: Mounting plugin PhysXVehicles
LogPluginManager: Mounting plugin PostSplashScreen
LogPluginManager: Mounting plugin ProceduralMeshComponent
LogPluginManager: Mounting plugin RuntimePhysXCooking
LogPluginManager: Mounting plugin SignificanceManager
LogPluginManager: Mounting plugin SoundFields
LogPluginManager: Mounting plugin SteamVR
LogPluginManager: Mounting plugin Synthesis
LogPluginManager: Mounting plugin WebMMoviePlayer
LogPluginManager: Mounting plugin WindowsMoviePlayer
LogPluginManager: Mounting plugin ScreenshotTools
LogInit: Using libcurl 7.55.1-DEV
LogInit:  - built for x86_64-pc-win32
LogInit:  - supports SSL with OpenSSL/1.1.1
LogInit:  - supports HTTP deflate (compression) using libz 1.2.8
LogInit:  - other features:
LogInit:      CURL_VERSION_SSL
LogInit:      CURL_VERSION_LIBZ
LogInit:      CURL_VERSION_IPV6
LogInit:      CURL_VERSION_ASYNCHDNS
LogInit:      CURL_VERSION_LARGEFILE
LogInit:      CURL_VERSION_IDN
LogInit:  CurlRequestOptions (configurable via config and command line):
LogInit:  - bVerifyPeer = true  - Libcurl will verify peer certificate
LogInit:  - bUseHttpProxy = false  - Libcurl will NOT use HTTP proxy
LogInit:  - bDontReuseConnections = false  - Libcurl will reuse connections
LogInit:  - MaxHostConnections = 16  - Libcurl will limit the number of connections to a host
LogInit:  - LocalHostAddr = Default
LogInit:  - BufferSize = 65536
LogOnline: OSS: Creating online subsystem instance for: NULL
LogInit: WinSock: version 1.1 (2.2), MaxSocks=32767, MaxUdp=65467
LogOnline: OSS: TryLoadSubsystemAndSetDefault: Loaded subsystem for module [NULL]
LogInit: Build: ++UE4+Release-4.25-CL-13594126
LogInit: Engine Version: 4.25.1-13594126+++UE4+Release-4.25
LogInit: Compatible Engine Version: 4.25.0-13144385+++UE4+Release-4.25
LogInit: Net CL: 13144385
LogInit: OS: Windows 10 (Release 1909) (), CPU: Intel(R) Core(TM) i7-8700 CPU @ 3.20GHz, GPU: NVIDIA GeForce RTX 2070
LogInit: Compiled (64-bit): Jun  2 2020 02:10:36
LogInit: Compiled with Visual C++: 19.24.28315.00
LogInit: Build Configuration: Development
LogInit: Branch Name: ++UE4+Release-4.25
LogInit: Command Line: 
LogInit: Base Directory: G:/ruanjian/xuhuan4/UE_4.25/Engine/Binaries/Win64/
LogInit: Allocator: TBB
LogInit: Installed Engine Build: 1
LogDevObjectVersion: Number of dev versions registered: 26
LogDevObjectVersion:   Dev-Blueprints (B0D832E4-1F89-4F0D-ACCF-7EB736FD4AA2): 10
LogDevObjectVersion:   Dev-Build (E1C64328-A22C-4D53-A36C-8E866417BD8C): 0
LogDevObjectVersion:   Dev-Core (375EC13C-06E4-48FB-B500-84F0262A717E): 4
LogDevObjectVersion:   Dev-Editor (E4B068ED-F494-42E9-A231-DA0B2E46BB41): 38
LogDevObjectVersion:   Dev-Framework (CFFC743F-43B0-4480-9391-14DF171D2073): 37
LogDevObjectVersion:   Dev-Mobile (B02B49B5-BB20-44E9-A304-32B752E40360): 2
LogDevObjectVersion:   Dev-Networking (A4E4105C-59A1-49B5-A7C5-40C4547EDFEE): 0
LogDevObjectVersion:   Dev-Online (39C831C9-5AE6-47DC-9A44-9C173E1C8E7C): 0
LogDevObjectVersion:   Dev-Physics (78F01B33-EBEA-4F98-B9B4-84EACCB95AA2): 4
LogDevObjectVersion:   Dev-Platform (6631380F-2D4D-43E0-8009-CF276956A95A): 0
LogDevObjectVersion:   Dev-Rendering (12F88B9F-8875-4AFC-A67C-D90C383ABD29): 43
LogDevObjectVersion:   Dev-Sequencer (7B5AE74C-D270-4C10-A958-57980B212A5A): 12
LogDevObjectVersion:   Dev-VR (D7296918-1DD6-4BDD-9DE2-64A83CC13884): 3
LogDevObjectVersion:   Dev-LoadTimes (C2A15278-BFE7-4AFE-6C17-90FF531DF755): 1
LogDevObjectVersion:   Private-Geometry (6EACA3D4-40EC-4CC1-B786-8BED09428FC5): 3
LogDevObjectVersion:   Dev-AnimPhys (29E575DD-E0A3-4627-9D10-D276232CDCEA): 17
LogDevObjectVersion:   Dev-Anim (AF43A65D-7FD3-4947-9873-3E8ED9C1BB05): 7
LogDevObjectVersion:   Dev-ReflectionCapture (6B266CEC-1EC7-4B8F-A30B-E4D90942FC07): 1
LogDevObjectVersion:   Dev-Automation (0DF73D61-A23F-47EA-B727-89E90C41499A): 1
LogDevObjectVersion:   FortniteMain (601D1886-AC64-4F84-AA16-D3DE0DEAC7D6): 31
LogDevObjectVersion:   Dev-Enterprise (9DFFBCD6-494F-0158-E221-12823C92A888): 10
LogDevObjectVersion:   Dev-Niagara (F2AED0AC-9AFE-416F-8664-AA7FFA26D6FC): 1
LogDevObjectVersion:   Dev-Destruction (174F1F0B-B4C6-45A5-B13F-2EE8D0FB917D): 10
LogDevObjectVersion:   Dev-Physics-Ext (35F94A83-E258-406C-A318-09F59610247C): 37
LogDevObjectVersion:   Dev-PhysicsMaterial-Chaos (B68FC16E-8B1B-42E2-B453-215C058844FE): 1
LogDevObjectVersion:   Dev-CineCamera (B2E18506-4273-CFC2-A54E-F4BB758BBA07): 1
LogInit: Presizing for max 25165824 objects, including 0 objects not considered by GC, pre-allocating 0 bytes for permanent pool.
LogConfig: Applying CVar settings from Section [/Script/Engine.StreamingSettings] File [F:/xuhuan/my2d/Saved/Config/Windows/Engine.ini]
LogConfig: Setting CVar [[s.MinBulkDataSizeForAsyncLoading:131072]]
LogConfig: Setting CVar [[s.AsyncLoadingThreadEnabled:0]]
LogConfig: Setting CVar [[s.EventDrivenLoaderEnabled:1]]
LogConfig: Setting CVar [[s.WarnIfTimeLimitExceeded:0]]
LogConfig: Setting CVar [[s.TimeLimitExceededMultiplier:1.5]]
LogConfig: Setting CVar [[s.TimeLimitExceededMinTime:0.005]]
LogConfig: Setting CVar [[s.UseBackgroundLevelStreaming:1]]
LogConfig: Setting CVar [[s.PriorityAsyncLoadingExtraTime:15.0]]
LogConfig: Setting CVar [[s.LevelStreamingActorsUpdateTimeLimit:5.0]]
LogConfig: Setting CVar [[s.PriorityLevelStreamingActorsUpdateExtraTime:5.0]]
LogConfig: Setting CVar [[s.LevelStreamingComponentsRegistrationGranularity:10]]
LogConfig: Setting CVar [[s.UnregisterComponentsTimeLimit:1.0]]
LogConfig: Setting CVar [[s.LevelStreamingComponentsUnregistrationGranularity:5]]
LogConfig: Setting CVar [[s.FlushStreamingOnExit:1]]
LogInit: Object subsystem initialized
LogConfig: Setting CVar [[con.DebugEarlyDefault:1]]
LogConfig: Setting CVar [[r.setres:1280x720]]
[2021.03.16-14.17.47:225][  0]LogConfig: Setting CVar [[r.VSync:0]]
[2021.03.16-14.17.47:225][  0]LogConfig: Setting CVar [[r.RHICmdBypass:0]]
[2021.03.16-14.17.47:225][  0]LogConfig: Applying CVar settings from Section [/Script/Engine.RendererSettings] File [F:/xuhuan/my2d/Saved/Config/Windows/Engine.ini]
[2021.03.16-14.17.47:225][  0]LogConfig: Setting CVar [[r.GPUCrashDebugging:0]]
[2021.03.16-14.17.47:225][  0]LogConfig: Setting CVar [[r.MobileHDR:0]]
[2021.03.16-14.17.47:225][  0]LogConfig: Applying CVar settings from Section [/Script/Engine.RendererOverrideSettings] File [F:/xuhuan/my2d/Saved/Config/Windows/Engine.ini]
[2021.03.16-14.17.47:225][  0]LogConfig: Applying CVar settings from Section [/Script/Engine.StreamingSettings] File [F:/xuhuan/my2d/Saved/Config/Windows/Engine.ini]
[2021.03.16-14.17.47:225][  0]LogConfig: Setting CVar [[s.MinBulkDataSizeForAsyncLoading:131072]]
[2021.03.16-14.17.47:225][  0]LogConfig: Setting CVar [[s.AsyncLoadingThreadEnabled:0]]
[2021.03.16-14.17.47:225][  0]LogConfig: Setting CVar [[s.EventDrivenLoaderEnabled:1]]
[2021.03.16-14.17.47:225][  0]LogConfig: Setting CVar [[s.WarnIfTimeLimitExceeded:0]]
[2021.03.16-14.17.47:225][  0]LogConfig: Setting CVar [[s.TimeLimitExceededMultiplier:1.5]]
[2021.03.16-14.17.47:225][  0]LogConfig: Setting CVar [[s.TimeLimitExceededMinTime:0.005]]
[2021.03.16-14.17.47:225][  0]LogConfig: Setting CVar [[s.UseBackgroundLevelStreaming:1]]
[2021.03.16-14.17.47:225][  0]LogConfig: Setting CVar [[s.PriorityAsyncLoadingExtraTime:15.0]]
[2021.03.16-14.17.47:225][  0]LogConfig: Setting CVar [[s.LevelStreamingActorsUpdateTimeLimit:5.0]]
[2021.03.16-14.17.47:225][  0]LogConfig: Setting CVar [[s.PriorityLevelStreamingActorsUpdateExtraTime:5.0]]
[2021.03.16-14.17.47:225][  0]LogConfig: Setting CVar [[s.LevelStreamingComponentsRegistrationGranularity:10]]
[2021.03.16-14.17.47:225][  0]LogConfig: Setting CVar [[s.UnregisterComponentsTimeLimit:1.0]]
[2021.03.16-14.17.47:225][  0]LogConfig: Setting CVar [[s.LevelStreamingComponentsUnregistrationGranularity:5]]
[2021.03.16-14.17.47:226][  0]LogConfig: Setting CVar [[s.FlushStreamingOnExit:1]]
[2021.03.16-14.17.47:226][  0]LogConfig: Applying CVar settings from Section [/Script/Engine.GarbageCollectionSettings] File [F:/xuhuan/my2d/Saved/Config/Windows/Engine.ini]
[2021.03.16-14.17.47:226][  0]LogConfig: Setting CVar [[gc.MaxObjectsNotConsideredByGC:1]]
[2021.03.16-14.17.47:226][  0]LogConfig: Setting CVar [[gc.SizeOfPermanentObjectPool:0]]
[2021.03.16-14.17.47:226][  0]LogConfig: Setting CVar [[gc.FlushStreamingOnGC:0]]
[2021.03.16-14.17.47:226][  0]LogConfig: Setting CVar [[gc.NumRetriesBeforeForcingGC:10]]
[2021.03.16-14.17.47:226][  0]LogConfig: Setting CVar [[gc.AllowParallelGC:1]]
[2021.03.16-14.17.47:226][  0]LogConfig: Setting CVar [[gc.TimeBetweenPurgingPendingKillObjects:61.1]]
[2021.03.16-14.17.47:226][  0]LogConfig: Setting CVar [[gc.MaxObjectsInEditor:25165824]]
[2021.03.16-14.17.47:226][  0]LogConfig: Setting CVar [[gc.IncrementalBeginDestroyEnabled:1]]
[2021.03.16-14.17.47:226][  0]LogConfig: Setting CVar [[gc.CreateGCClusters:1]]
[2021.03.16-14.17.47:226][  0]LogConfig: Setting CVar [[gc.MinGCClusterSize:5]]
[2021.03.16-14.17.47:226][  0]LogConfig: Setting CVar [[gc.ActorClusteringEnabled:0]]
[2021.03.16-14.17.47:226][  0]LogConfig: Setting CVar [[gc.BlueprintClusteringEnabled:0]]
[2021.03.16-14.17.47:226][  0]LogConfig: Setting CVar [[gc.UseDisregardForGCOnDedicatedServers:0]]
[2021.03.16-14.17.47:226][  0]LogConfig: Applying CVar settings from Section [/Script/Engine.NetworkSettings] File [F:/xuhuan/my2d/Saved/Config/Windows/Engine.ini]
[2021.03.16-14.17.47:226][  0]LogConfig: Applying CVar settings from Section [/Script/UnrealEd.CookerSettings] File [F:/xuhuan/my2d/Saved/Config/Windows/Engine.ini]
[2021.03.16-14.17.47:229][  0]LogConfig: Applying CVar settings from Section [ViewDistanceQuality@3] File [F:/xuhuan/my2d/Saved/Config/Windows/Scalability.ini]
[2021.03.16-14.17.47:229][  0]LogConfig: Setting CVar [[r.SkeletalMeshLODBias:0]]
[2021.03.16-14.17.47:229][  0]LogConfig: Setting CVar [[r.ViewDistanceScale:1.0]]
[2021.03.16-14.17.47:229][  0]LogConfig: Applying CVar settings from Section [AntiAliasingQuality@3] File [F:/xuhuan/my2d/Saved/Config/Windows/Scalability.ini]
[2021.03.16-14.17.47:229][  0]LogConfig: Setting CVar [[r.PostProcessAAQuality:4]]
[2021.03.16-14.17.47:229][  0]LogConfig: Applying CVar settings from Section [ShadowQuality@3] File [F:/xuhuan/my2d/Saved/Config/Windows/Scalability.ini]
[2021.03.16-14.17.47:229][  0]LogConfig: Setting CVar [[r.LightFunctionQuality:1]]
[2021.03.16-14.17.47:229][  0]LogConfig: Setting CVar [[r.ShadowQuality:5]]
[2021.03.16-14.17.47:229][  0]LogConfig: Setting CVar [[r.Shadow.CSM.MaxCascades:10]]
[2021.03.16-14.17.47:229][  0]LogConfig: Setting CVar [[r.Shadow.MaxResolution:2048]]
[2021.03.16-14.17.47:229][  0]LogConfig: Setting CVar [[r.Shadow.MaxCSMResolution:2048]]
[2021.03.16-14.17.47:229][  0]LogConfig: Setting CVar [[r.Shadow.RadiusThreshold:0.01]]
[2021.03.16-14.17.47:229][  0]LogConfig: Setting CVar [[r.Shadow.DistanceScale:1.0]]
[2021.03.16-14.17.47:229][  0]LogConfig: Setting CVar [[r.Shadow.CSM.TransitionScale:1.0]]
[2021.03.16-14.17.47:229][  0]LogConfig: Setting CVar [[r.Shadow.PreShadowResolutionFactor:1.0]]
[2021.03.16-14.17.47:229][  0]LogConfig: Setting CVar [[r.DistanceFieldShadowing:1]]
[2021.03.16-14.17.47:229][  0]LogConfig: Setting CVar [[r.DistanceFieldAO:1]]
[2021.03.16-14.17.47:229][  0]LogConfig: Setting CVar [[r.AOQuality:2]]
[2021.03.16-14.17.47:229][  0]LogConfig: Setting CVar [[r.VolumetricFog:1]]
[2021.03.16-14.17.47:229][  0]LogConfig: Setting CVar [[r.VolumetricFog.GridPixelSize:8]]
[2021.03.16-14.17.47:229][  0]LogConfig: Setting CVar [[r.VolumetricFog.GridSizeZ:128]]
[2021.03.16-14.17.47:229][  0]LogConfig: Setting CVar [[r.VolumetricFog.HistoryMissSupersampleCount:4]]
[2021.03.16-14.17.47:229][  0]LogConfig: Setting CVar [[r.LightMaxDrawDistanceScale:1]]
[2021.03.16-14.17.47:229][  0]LogConfig: Setting CVar [[r.CapsuleShadows:1]]
[2021.03.16-14.17.47:229][  0]LogConfig: Applying CVar settings from Section [PostProcessQuality@3] File [F:/xuhuan/my2d/Saved/Config/Windows/Scalability.ini]
[2021.03.16-14.17.47:229][  0]LogConfig: Setting CVar [[r.MotionBlurQuality:4]]
[2021.03.16-14.17.47:229][  0]LogConfig: Setting CVar [[r.AmbientOcclusionMipLevelFactor:0.4]]
[2021.03.16-14.17.47:229][  0]LogConfig: Setting CVar [[r.AmbientOcclusionMaxQuality:100]]
[2021.03.16-14.17.47:229][  0]LogConfig: Setting CVar [[r.AmbientOcclusionLevels:-1]]
[2021.03.16-14.17.47:229][  0]LogConfig: Setting CVar [[r.AmbientOcclusionRadiusScale:1.0]]
[2021.03.16-14.17.47:229][  0]LogConfig: Setting CVar [[r.DepthOfFieldQuality:2]]
[2021.03.16-14.17.47:229][  0]LogConfig: Setting CVar [[r.RenderTargetPoolMin:400]]
[2021.03.16-14.17.47:229][  0]LogConfig: Setting CVar [[r.LensFlareQuality:2]]
[2021.03.16-14.17.47:229][  0]LogConfig: Setting CVar [[r.SceneColorFringeQuality:1]]
[2021.03.16-14.17.47:229][  0]LogConfig: Setting CVar [[r.EyeAdaptationQuality:2]]
[2021.03.16-14.17.47:229][  0]LogConfig: Setting CVar [[r.BloomQuality:5]]
[2021.03.16-14.17.47:229][  0]LogConfig: Setting CVar [[r.FastBlurThreshold:100]]
[2021.03.16-14.17.47:229][  0]LogConfig: Setting CVar [[r.Upscale.Quality:3]]
[2021.03.16-14.17.47:229][  0]LogConfig: Setting CVar [[r.Tonemapper.GrainQuantization:1]]
[2021.03.16-14.17.47:229][  0]LogConfig: Setting CVar [[r.LightShaftQuality:1]]
[2021.03.16-14.17.47:229][  0]LogConfig: Setting CVar [[r.Filter.SizeScale:1]]
[2021.03.16-14.17.47:229][  0]LogConfig: Setting CVar [[r.Tonemapper.Quality:5]]
[2021.03.16-14.17.47:229][  0]LogConfig: Setting CVar [[r.DOF.Gather.AccumulatorQuality:1        ; higher gathering accumulator quality]]
[2021.03.16-14.17.47:229][  0]LogConfig: Setting CVar [[r.DOF.Gather.PostfilterMethod:1          ; Median3x3 postfilering method]]
[2021.03.16-14.17.47:229][  0]LogConfig: Setting CVar [[r.DOF.Gather.EnableBokehSettings:0       ; no bokeh simulation when gathering]]
[2021.03.16-14.17.47:229][  0]LogConfig: Setting CVar [[r.DOF.Gather.RingCount:4                 ; medium number of samples when gathering]]
[2021.03.16-14.17.47:229][  0]LogConfig: Setting CVar [[r.DOF.Scatter.ForegroundCompositing:1    ; additive foreground scattering]]
[2021.03.16-14.17.47:229][  0]LogConfig: Setting CVar [[r.DOF.Scatter.BackgroundCompositing:2    ; additive background scattering]]
[2021.03.16-14.17.47:229][  0]LogConfig: Setting CVar [[r.DOF.Scatter.EnableBokehSettings:1      ; bokeh simulation when scattering]]
[2021.03.16-14.17.47:229][  0]LogConfig: Setting CVar [[r.DOF.Scatter.MaxSpriteRatio:0.1         ; only a maximum of 10% of scattered bokeh]]
[2021.03.16-14.17.47:229][  0]LogConfig: Setting CVar [[r.DOF.Recombine.Quality:1                ; cheap slight out of focus]]
[2021.03.16-14.17.47:229][  0]LogConfig: Setting CVar [[r.DOF.Recombine.EnableBokehSettings:0    ; no bokeh simulation on slight out of focus]]
[2021.03.16-14.17.47:229][  0]LogConfig: Setting CVar [[r.DOF.TemporalAAQuality:1                ; more stable temporal accumulation]]
[2021.03.16-14.17.47:229][  0]LogConfig: Setting CVar [[r.DOF.Kernel.MaxForegroundRadius:0.025]]
[2021.03.16-14.17.47:229][  0]LogConfig: Setting CVar [[r.DOF.Kernel.MaxBackgroundRadius:0.025]]
[2021.03.16-14.17.47:229][  0]LogConfig: Applying CVar settings from Section [TextureQuality@3] File [F:/xuhuan/my2d/Saved/Config/Windows/Scalability.ini]
[2021.03.16-14.17.47:229][  0]LogConfig: Setting CVar [[r.Streaming.MipBias:0]]
[2021.03.16-14.17.47:229][  0]LogConfig: Setting CVar [[r.Streaming.AmortizeCPUToGPUCopy:0]]
[2021.03.16-14.17.47:229][  0]LogConfig: Setting CVar [[r.Streaming.MaxNumTexturesToStreamPerFrame:0]]
[2021.03.16-14.17.47:229][  0]LogConfig: Setting CVar [[r.Streaming.Boost:1]]
[2021.03.16-14.17.47:229][  0]LogConfig: Setting CVar [[r.MaxAnisotropy:8]]
[2021.03.16-14.17.47:229][  0]LogConfig: Setting CVar [[r.VT.MaxAnisotropy:8]]
[2021.03.16-14.17.47:229][  0]LogConfig: Setting CVar [[r.Streaming.LimitPoolSizeToVRAM:0]]
[2021.03.16-14.17.47:229][  0]LogConfig: Setting CVar [[r.Streaming.PoolSize:1000]]
[2021.03.16-14.17.47:229][  0]LogConfig: Setting CVar [[r.Streaming.MaxEffectiveScreenSize:0]]
[2021.03.16-14.17.47:229][  0]LogConfig: Applying CVar settings from Section [EffectsQuality@3] File [F:/xuhuan/my2d/Saved/Config/Windows/Scalability.ini]
[2021.03.16-14.17.47:230][  0]LogConfig: Setting CVar [[r.TranslucencyLightingVolumeDim:64]]
[2021.03.16-14.17.47:230][  0]LogConfig: Setting CVar [[r.RefractionQuality:2]]
[2021.03.16-14.17.47:230][  0]LogConfig: Setting CVar [[r.SSR.Quality:3]]
[2021.03.16-14.17.47:230][  0]LogConfig: Setting CVar [[r.SSR.HalfResSceneColor:0]]
[2021.03.16-14.17.47:230][  0]LogConfig: Setting CVar [[r.SceneColorFormat:4]]
[2021.03.16-14.17.47:230][  0]LogConfig: Setting CVar [[r.DetailMode:2]]
[2021.03.16-14.17.47:230][  0]LogConfig: Setting CVar [[r.TranslucencyVolumeBlur:1]]
[2021.03.16-14.17.47:230][  0]LogConfig: Setting CVar [[r.MaterialQualityLevel:1 ; High quality]]
[2021.03.16-14.17.47:230][  0]LogConfig: Setting CVar [[r.SSS.Scale:1]]
[2021.03.16-14.17.47:230][  0]LogConfig: Setting CVar [[r.SSS.SampleSet:2]]
[2021.03.16-14.17.47:230][  0]LogConfig: Setting CVar [[r.SSS.Quality:1]]
[2021.03.16-14.17.47:230][  0]LogConfig: Setting CVar [[r.SSS.HalfRes:0]]
[2021.03.16-14.17.47:230][  0]LogConfig: Setting CVar [[r.SSGI.Quality:3]]
[2021.03.16-14.17.47:230][  0]LogConfig: Setting CVar [[r.EmitterSpawnRateScale:1.0]]
[2021.03.16-14.17.47:230][  0]LogConfig: Setting CVar [[r.ParticleLightQuality:2]]
[2021.03.16-14.17.47:230][  0]LogConfig: Setting CVar [[r.SkyAtmosphere.AerialPerspectiveLUT.FastApplyOnOpaque:1 ; Always have FastSkyLUT 1 in this case to avoid wrong sky]]
[2021.03.16-14.17.47:230][  0]LogConfig: Setting CVar [[r.SkyAtmosphere.AerialPerspectiveLUT.SampleCountPerSlice:1]]
[2021.03.16-14.17.47:230][  0]LogConfig: Setting CVar [[r.SkyAtmosphere.AerialPerspectiveLUT.DepthResolution:16.0]]
[2021.03.16-14.17.47:230][  0]LogConfig: Setting CVar [[r.SkyAtmosphere.FastSkyLUT:1]]
[2021.03.16-14.17.47:230][  0]LogConfig: Setting CVar [[r.SkyAtmosphere.FastSkyLUT.SampleCountMin:4.0]]
[2021.03.16-14.17.47:230][  0]LogConfig: Setting CVar [[r.SkyAtmosphere.FastSkyLUT.SampleCountMax:32.0]]
[2021.03.16-14.17.47:230][  0]LogConfig: Setting CVar [[r.SkyAtmosphere.SampleCountMin:4.0]]
[2021.03.16-14.17.47:230][  0]LogConfig: Setting CVar [[r.SkyAtmosphere.SampleCountMax:32.0]]
[2021.03.16-14.17.47:230][  0]LogConfig: Setting CVar [[r.SkyAtmosphere.TransmittanceLUT.UseSmallFormat:0]]
[2021.03.16-14.17.47:230][  0]LogConfig: Setting CVar [[r.SkyAtmosphere.TransmittanceLUT.SampleCount:10.0]]
[2021.03.16-14.17.47:230][  0]LogConfig: Setting CVar [[r.SkyAtmosphere.MultiScatteringLUT.SampleCount:15.0]]
[2021.03.16-14.17.47:230][  0]LogConfig: Applying CVar settings from Section [FoliageQuality@3] File [F:/xuhuan/my2d/Saved/Config/Windows/Scalability.ini]
[2021.03.16-14.17.47:230][  0]LogConfig: Setting CVar [[foliage.DensityScale:1.0]]
[2021.03.16-14.17.47:230][  0]LogConfig: Setting CVar [[grass.DensityScale:1.0]]
[2021.03.16-14.17.47:230][  0]LogConfig: Applying CVar settings from Section [ShadingQuality@3] File [F:/xuhuan/my2d/Saved/Config/Windows/Scalability.ini]
[2021.03.16-14.17.47:230][  0]LogConfig: Setting CVar [[r.HairStrands.SkyLighting.SampleCount:16]]
[2021.03.16-14.17.47:230][  0]LogConfig: Setting CVar [[r.HairStrands.SkyLighting.JitterIntegration:0]]
[2021.03.16-14.17.47:230][  0]LogConfig: Setting CVar [[r.HairStrands.SkyAO.SampleCount:16]]
[2021.03.16-14.17.47:230][  0]LogConfig: Setting CVar [[r.HairStrands.DeepShadow.SuperSampling:0]]
[2021.03.16-14.17.47:230][  0]LogConfig: Setting CVar [[r.HairStrands.VisibilityPPLL:0]]
[2021.03.16-14.17.47:230][  0]LogConfig: Setting CVar [[r.HairStrands.RasterizationScale:0.5]]
[2021.03.16-14.17.47:230][  0]LogConfig: Setting CVar [[r.HairStrands.VelocityRasterizationScale:1]]
[2021.03.16-14.17.47:230][  0]LogInit: Selected Device Profile: [Windows]
[2021.03.16-14.17.47:230][  0]LogInit: Applying CVar settings loaded from the selected device profile: [Windows]
[2021.03.16-14.17.47:230][  0]LogHAL: Display: Platform has ~ 32 GB [34265698304 / 34359738368 / 32], which maps to Largest [LargestMinGB=32, LargerMinGB=12, DefaultMinGB=8, SmallerMinGB=6, SmallestMinGB=0)
[2021.03.16-14.17.47:230][  0]LogInit: Going up to parent DeviceProfile []
[2021.03.16-14.17.47:230][  0]LogConfig: Applying CVar settings from Section [ViewDistanceQuality@3] File [F:/xuhuan/my2d/Saved/Config/Windows/Scalability.ini]
[2021.03.16-14.17.47:230][  0]LogConfig: Setting CVar [[r.SkeletalMeshLODBias:0]]
[2021.03.16-14.17.47:230][  0]LogConfig: Setting CVar [[r.ViewDistanceScale:1.0]]
[2021.03.16-14.17.47:230][  0]LogConfig: Applying CVar settings from Section [AntiAliasingQuality@3] File [F:/xuhuan/my2d/Saved/Config/Windows/Scalability.ini]
[2021.03.16-14.17.47:230][  0]LogConfig: Setting CVar [[r.PostProcessAAQuality:4]]
[2021.03.16-14.17.47:230][  0]LogConfig: Applying CVar settings from Section [ShadowQuality@3] File [F:/xuhuan/my2d/Saved/Config/Windows/Scalability.ini]
[2021.03.16-14.17.47:230][  0]LogConfig: Setting CVar [[r.LightFunctionQuality:1]]
[2021.03.16-14.17.47:230][  0]LogConfig: Setting CVar [[r.ShadowQuality:5]]
[2021.03.16-14.17.47:230][  0]LogConfig: Setting CVar [[r.Shadow.CSM.MaxCascades:10]]
[2021.03.16-14.17.47:230][  0]LogConfig: Setting CVar [[r.Shadow.MaxResolution:2048]]
[2021.03.16-14.17.47:230][  0]LogConfig: Setting CVar [[r.Shadow.MaxCSMResolution:2048]]
[2021.03.16-14.17.47:230][  0]LogConfig: Setting CVar [[r.Shadow.RadiusThreshold:0.01]]
[2021.03.16-14.17.47:230][  0]LogConfig: Setting CVar [[r.Shadow.DistanceScale:1.0]]
[2021.03.16-14.17.47:230][  0]LogConfig: Setting CVar [[r.Shadow.CSM.TransitionScale:1.0]]
[2021.03.16-14.17.47:230][  0]LogConfig: Setting CVar [[r.Shadow.PreShadowResolutionFactor:1.0]]
[2021.03.16-14.17.47:230][  0]LogConfig: Setting CVar [[r.DistanceFieldShadowing:1]]
[2021.03.16-14.17.47:230][  0]LogConfig: Setting CVar [[r.DistanceFieldAO:1]]
[2021.03.16-14.17.47:230][  0]LogConfig: Setting CVar [[r.AOQuality:2]]
[2021.03.16-14.17.47:230][  0]LogConfig: Setting CVar [[r.VolumetricFog:1]]
[2021.03.16-14.17.47:230][  0]LogConfig: Setting CVar [[r.VolumetricFog.GridPixelSize:8]]
[2021.03.16-14.17.47:230][  0]LogConfig: Setting CVar [[r.VolumetricFog.GridSizeZ:128]]
[2021.03.16-14.17.47:230][  0]LogConfig: Setting CVar [[r.VolumetricFog.HistoryMissSupersampleCount:4]]
[2021.03.16-14.17.47:230][  0]LogConfig: Setting CVar [[r.LightMaxDrawDistanceScale:1]]
[2021.03.16-14.17.47:230][  0]LogConfig: Setting CVar [[r.CapsuleShadows:1]]
[2021.03.16-14.17.47:230][  0]LogConfig: Applying CVar settings from Section [PostProcessQuality@3] File [F:/xuhuan/my2d/Saved/Config/Windows/Scalability.ini]
[2021.03.16-14.17.47:230][  0]LogConfig: Setting CVar [[r.MotionBlurQuality:4]]
[2021.03.16-14.17.47:230][  0]LogConfig: Setting CVar [[r.AmbientOcclusionMipLevelFactor:0.4]]
[2021.03.16-14.17.47:230][  0]LogConfig: Setting CVar [[r.AmbientOcclusionMaxQuality:100]]
[2021.03.16-14.17.47:230][  0]LogConfig: Setting CVar [[r.AmbientOcclusionLevels:-1]]
[2021.03.16-14.17.47:230][  0]LogConfig: Setting CVar [[r.AmbientOcclusionRadiusScale:1.0]]
[2021.03.16-14.17.47:230][  0]LogConfig: Setting CVar [[r.DepthOfFieldQuality:2]]
[2021.03.16-14.17.47:230][  0]LogConfig: Setting CVar [[r.RenderTargetPoolMin:400]]
[2021.03.16-14.17.47:230][  0]LogConfig: Setting CVar [[r.LensFlareQuality:2]]
[2021.03.16-14.17.47:230][  0]LogConfig: Setting CVar [[r.SceneColorFringeQuality:1]]
[2021.03.16-14.17.47:230][  0]LogConfig: Setting CVar [[r.EyeAdaptationQuality:2]]
[2021.03.16-14.17.47:230][  0]LogConfig: Setting CVar [[r.BloomQuality:5]]
[2021.03.16-14.17.47:230][  0]LogConfig: Setting CVar [[r.FastBlurThreshold:100]]
[2021.03.16-14.17.47:230][  0]LogConfig: Setting CVar [[r.Upscale.Quality:3]]
[2021.03.16-14.17.47:230][  0]LogConfig: Setting CVar [[r.Tonemapper.GrainQuantization:1]]
[2021.03.16-14.17.47:230][  0]LogConfig: Setting CVar [[r.LightShaftQuality:1]]
[2021.03.16-14.17.47:230][  0]LogConfig: Setting CVar [[r.Filter.SizeScale:1]]
[2021.03.16-14.17.47:230][  0]LogConfig: Setting CVar [[r.Tonemapper.Quality:5]]
[2021.03.16-14.17.47:230][  0]LogConfig: Setting CVar [[r.DOF.Gather.AccumulatorQuality:1        ; higher gathering accumulator quality]]
[2021.03.16-14.17.47:230][  0]LogConfig: Setting CVar [[r.DOF.Gather.PostfilterMethod:1          ; Median3x3 postfilering method]]
[2021.03.16-14.17.47:231][  0]LogConfig: Setting CVar [[r.DOF.Gather.EnableBokehSettings:0       ; no bokeh simulation when gathering]]
[2021.03.16-14.17.47:231][  0]LogConfig: Setting CVar [[r.DOF.Gather.RingCount:4                 ; medium number of samples when gathering]]
[2021.03.16-14.17.47:231][  0]LogConfig: Setting CVar [[r.DOF.Scatter.ForegroundCompositing:1    ; additive foreground scattering]]
[2021.03.16-14.17.47:231][  0]LogConfig: Setting CVar [[r.DOF.Scatter.BackgroundCompositing:2    ; additive background scattering]]
[2021.03.16-14.17.47:231][  0]LogConfig: Setting CVar [[r.DOF.Scatter.EnableBokehSettings:1      ; bokeh simulation when scattering]]
[2021.03.16-14.17.47:231][  0]LogConfig: Setting CVar [[r.DOF.Scatter.MaxSpriteRatio:0.1         ; only a maximum of 10% of scattered bokeh]]
[2021.03.16-14.17.47:231][  0]LogConfig: Setting CVar [[r.DOF.Recombine.Quality:1                ; cheap slight out of focus]]
[2021.03.16-14.17.47:231][  0]LogConfig: Setting CVar [[r.DOF.Recombine.EnableBokehSettings:0    ; no bokeh simulation on slight out of focus]]
[2021.03.16-14.17.47:231][  0]LogConfig: Setting CVar [[r.DOF.TemporalAAQuality:1                ; more stable temporal accumulation]]
[2021.03.16-14.17.47:231][  0]LogConfig: Setting CVar [[r.DOF.Kernel.MaxForegroundRadius:0.025]]
[2021.03.16-14.17.47:231][  0]LogConfig: Setting CVar [[r.DOF.Kernel.MaxBackgroundRadius:0.025]]
[2021.03.16-14.17.47:231][  0]LogConfig: Applying CVar settings from Section [TextureQuality@3] File [F:/xuhuan/my2d/Saved/Config/Windows/Scalability.ini]
[2021.03.16-14.17.47:231][  0]LogConfig: Setting CVar [[r.Streaming.MipBias:0]]
[2021.03.16-14.17.47:231][  0]LogConfig: Setting CVar [[r.Streaming.AmortizeCPUToGPUCopy:0]]
[2021.03.16-14.17.47:231][  0]LogConfig: Setting CVar [[r.Streaming.MaxNumTexturesToStreamPerFrame:0]]
[2021.03.16-14.17.47:231][  0]LogConfig: Setting CVar [[r.Streaming.Boost:1]]
[2021.03.16-14.17.47:231][  0]LogConfig: Setting CVar [[r.MaxAnisotropy:8]]
[2021.03.16-14.17.47:231][  0]LogConfig: Setting CVar [[r.VT.MaxAnisotropy:8]]
[2021.03.16-14.17.47:231][  0]LogConfig: Setting CVar [[r.Streaming.LimitPoolSizeToVRAM:0]]
[2021.03.16-14.17.47:231][  0]LogConfig: Setting CVar [[r.Streaming.PoolSize:1000]]
[2021.03.16-14.17.47:231][  0]LogConfig: Setting CVar [[r.Streaming.MaxEffectiveScreenSize:0]]
[2021.03.16-14.17.47:231][  0]LogConfig: Applying CVar settings from Section [EffectsQuality@3] File [F:/xuhuan/my2d/Saved/Config/Windows/Scalability.ini]
[2021.03.16-14.17.47:231][  0]LogConfig: Setting CVar [[r.TranslucencyLightingVolumeDim:64]]
[2021.03.16-14.17.47:231][  0]LogConfig: Setting CVar [[r.RefractionQuality:2]]
[2021.03.16-14.17.47:231][  0]LogConfig: Setting CVar [[r.SSR.Quality:3]]
[2021.03.16-14.17.47:231][  0]LogConfig: Setting CVar [[r.SSR.HalfResSceneColor:0]]
[2021.03.16-14.17.47:231][  0]LogConfig: Setting CVar [[r.SceneColorFormat:4]]
[2021.03.16-14.17.47:231][  0]LogConfig: Setting CVar [[r.DetailMode:2]]
[2021.03.16-14.17.47:231][  0]LogConfig: Setting CVar [[r.TranslucencyVolumeBlur:1]]
[2021.03.16-14.17.47:231][  0]LogConfig: Setting CVar [[r.MaterialQualityLevel:1 ; High quality]]
[2021.03.16-14.17.47:231][  0]LogConfig: Setting CVar [[r.SSS.Scale:1]]
[2021.03.16-14.17.47:231][  0]LogConfig: Setting CVar [[r.SSS.SampleSet:2]]
[2021.03.16-14.17.47:231][  0]LogConfig: Setting CVar [[r.SSS.Quality:1]]
[2021.03.16-14.17.47:231][  0]LogConfig: Setting CVar [[r.SSS.HalfRes:0]]
[2021.03.16-14.17.47:231][  0]LogConfig: Setting CVar [[r.SSGI.Quality:3]]
[2021.03.16-14.17.47:231][  0]LogConfig: Setting CVar [[r.EmitterSpawnRateScale:1.0]]
[2021.03.16-14.17.47:231][  0]LogConfig: Setting CVar [[r.ParticleLightQuality:2]]
[2021.03.16-14.17.47:231][  0]LogConfig: Setting CVar [[r.SkyAtmosphere.AerialPerspectiveLUT.FastApplyOnOpaque:1 ; Always have FastSkyLUT 1 in this case to avoid wrong sky]]
[2021.03.16-14.17.47:231][  0]LogConfig: Setting CVar [[r.SkyAtmosphere.AerialPerspectiveLUT.SampleCountPerSlice:1]]
[2021.03.16-14.17.47:231][  0]LogConfig: Setting CVar [[r.SkyAtmosphere.AerialPerspectiveLUT.DepthResolution:16.0]]
[2021.03.16-14.17.47:231][  0]LogConfig: Setting CVar [[r.SkyAtmosphere.FastSkyLUT:1]]
[2021.03.16-14.17.47:231][  0]LogConfig: Setting CVar [[r.SkyAtmosphere.FastSkyLUT.SampleCountMin:4.0]]
[2021.03.16-14.17.47:231][  0]LogConfig: Setting CVar [[r.SkyAtmosphere.FastSkyLUT.SampleCountMax:32.0]]
[2021.03.16-14.17.47:231][  0]LogConfig: Setting CVar [[r.SkyAtmosphere.SampleCountMin:4.0]]
[2021.03.16-14.17.47:231][  0]LogConfig: Setting CVar [[r.SkyAtmosphere.SampleCountMax:32.0]]
[2021.03.16-14.17.47:231][  0]LogConfig: Setting CVar [[r.SkyAtmosphere.TransmittanceLUT.UseSmallFormat:0]]
[2021.03.16-14.17.47:231][  0]LogConfig: Setting CVar [[r.SkyAtmosphere.TransmittanceLUT.SampleCount:10.0]]
[2021.03.16-14.17.47:231][  0]LogConfig: Setting CVar [[r.SkyAtmosphere.MultiScatteringLUT.SampleCount:15.0]]
[2021.03.16-14.17.47:231][  0]LogConfig: Applying CVar settings from Section [FoliageQuality@3] File [F:/xuhuan/my2d/Saved/Config/Windows/Scalability.ini]
[2021.03.16-14.17.47:231][  0]LogConfig: Setting CVar [[foliage.DensityScale:1.0]]
[2021.03.16-14.17.47:231][  0]LogConfig: Setting CVar [[grass.DensityScale:1.0]]
[2021.03.16-14.17.47:231][  0]LogConfig: Applying CVar settings from Section [ShadingQuality@3] File [F:/xuhuan/my2d/Saved/Config/Windows/Scalability.ini]
[2021.03.16-14.17.47:231][  0]LogConfig: Setting CVar [[r.HairStrands.SkyLighting.SampleCount:16]]
[2021.03.16-14.17.47:231][  0]LogConfig: Setting CVar [[r.HairStrands.SkyLighting.JitterIntegration:0]]
[2021.03.16-14.17.47:231][  0]LogConfig: Setting CVar [[r.HairStrands.SkyAO.SampleCount:16]]
[2021.03.16-14.17.47:231][  0]LogConfig: Setting CVar [[r.HairStrands.DeepShadow.SuperSampling:0]]
[2021.03.16-14.17.47:231][  0]LogConfig: Setting CVar [[r.HairStrands.VisibilityPPLL:0]]
[2021.03.16-14.17.47:231][  0]LogConfig: Setting CVar [[r.HairStrands.RasterizationScale:0.5]]
[2021.03.16-14.17.47:231][  0]LogConfig: Setting CVar [[r.HairStrands.VelocityRasterizationScale:1]]
[2021.03.16-14.17.47:231][  0]LogConfig: Applying CVar settings from Section [Startup] File [../../../Engine/Config/ConsoleVariables.ini]
[2021.03.16-14.17.47:231][  0]LogConfig: Setting CVar [[net.UseAdaptiveNetUpdateFrequency:0]]
[2021.03.16-14.17.47:231][  0]LogConfig: Setting CVar [[p.chaos.AllowCreatePhysxBodies:1]]
[2021.03.16-14.17.47:231][  0]LogConfig: Setting CVar [[fx.SkipVectorVMBackendOptimizations:1]]
[2021.03.16-14.17.47:231][  0]LogConfig: Applying CVar settings from Section [ConsoleVariables] File [F:/xuhuan/my2d/Saved/Config/Windows/Engine.ini]
[2021.03.16-14.17.47:231][  0]LogInit: Computer: DESKTOP-8JRH7RF
[2021.03.16-14.17.47:231][  0]LogInit: User: asus
[2021.03.16-14.17.47:231][  0]LogInit: CPU Page size=4096, Cores=6
[2021.03.16-14.17.47:232][  0]LogInit: High frequency timer resolution =10.000000 MHz
[2021.03.16-14.17.47:232][  0]LogMemory: Memory total: Physical=31.9GB (32GB approx)
[2021.03.16-14.17.47:232][  0]LogMemory: Platform Memory Stats for Windows
[2021.03.16-14.17.47:232][  0]LogMemory: Process Physical Memory: 114.47 MB used, 114.47 MB peak
[2021.03.16-14.17.47:232][  0]LogMemory: Process Virtual Memory: 97.38 MB used, 97.38 MB peak
[2021.03.16-14.17.47:232][  0]LogMemory: Physical Memory: 6683.42 MB used,  25994.90 MB free, 32678.32 MB total
[2021.03.16-14.17.47:232][  0]LogMemory: Virtual Memory: 5166.11 MB used,  134212560.00 MB free, 134217728.00 MB total
[2021.03.16-14.17.47:240][  0]LogWindows: WindowsPlatformFeatures enabled
[2021.03.16-14.17.47:337][  0]LogInit: Physics initialised using underlying interface: PhysX
[2021.03.16-14.17.47:338][  0]LogInit: Overriding language with editor language configuration option (zh-Hans).
[2021.03.16-14.17.47:338][  0]LogInit: Overriding locale with editor culture configuration option ().
[2021.03.16-14.17.47:338][  0]LogInit: Using OS detected locale (zh-CN).
[2021.03.16-14.17.47:387][  0]LogTextLocalizationResource: LocRes '../../../Engine/Content/Localization/Editor/zh/Editor.locres' could not be opened for reading!
[2021.03.16-14.17.47:387][  0]LogTextLocalizationResource: LocRes '../../../Engine/Content/Localization/EditorTutorials/zh/EditorTutorials.locres' could not be opened for reading!
[2021.03.16-14.17.47:387][  0]LogTextLocalizationResource: LocRes '../../../Engine/Content/Localization/Keywords/zh/Keywords.locres' could not be opened for reading!
[2021.03.16-14.17.47:387][  0]LogTextLocalizationResource: LocRes '../../../Engine/Content/Localization/Category/zh/Category.locres' could not be opened for reading!
[2021.03.16-14.17.47:387][  0]LogTextLocalizationResource: LocRes '../../../Engine/Content/Localization/ToolTips/zh/ToolTips.locres' could not be opened for reading!
[2021.03.16-14.17.47:387][  0]LogTextLocalizationResource: LocRes '../../../Engine/Content/Localization/Engine/zh/Engine.locres' could not be opened for reading!
[2021.03.16-14.17.47:387][  0]LogTextLocalizationResource: LocRes '../../../Engine/Plugins/Online/Android/OnlineSubsystemGooglePlay/Content/Localization/OnlineSubsystemGooglePlay/zh/OnlineSubsystemGooglePlay.locres' could not be opened for reading!
[2021.03.16-14.17.47:387][  0]LogTextLocalizationResource: LocRes '../../../Engine/Plugins/Online/IOS/OnlineSubsystemIOS/Content/Localization/OnlineSubsystemIOS/zh/OnlineSubsystemIOS.locres' could not be opened for reading!
[2021.03.16-14.17.47:387][  0]LogTextLocalizationResource: LocRes '../../../Engine/Plugins/Online/OnlineSubsystem/Content/Localization/OnlineSubsystem/zh/OnlineSubsystem.locres' could not be opened for reading!
[2021.03.16-14.17.47:387][  0]LogTextLocalizationResource: LocRes '../../../Engine/Plugins/Online/OnlineSubsystemUtils/Content/Localization/OnlineSubsystemUtils/zh/OnlineSubsystemUtils.locres' could not be opened for reading!
[2021.03.16-14.17.47:410][  0]LogInit: Setting process to per monitor DPI aware
[2021.03.16-14.17.47:489][  0]LogSlate: New Slate User Created.  User Index 0, Is Virtual User: 0
[2021.03.16-14.17.47:489][  0]LogSlate: Slate User Registered.  User Index 0, Is Virtual User: 0
[2021.03.16-14.17.47:653][  0]LogHMD: Failed to initialize OpenVR with code 110
[2021.03.16-14.17.47:653][  0]LogD3D11RHI: D3D11 min allowed feature level: 11_0
[2021.03.16-14.17.47:653][  0]LogD3D11RHI: D3D11 max allowed feature level: 11_0
[2021.03.16-14.17.47:653][  0]LogD3D11RHI: D3D11 adapters:
[2021.03.16-14.17.47:726][  0]LogD3D11RHI:    0. 'NVIDIA GeForce RTX 2070' (Feature Level 11_0)
[2021.03.16-14.17.47:726][  0]LogD3D11RHI:       8031/0/16339 MB DedicatedVideo/DedicatedSystem/SharedSystem, Outputs:1, VendorId:0x10de
[2021.03.16-14.17.47:729][  0]LogD3D11RHI:    1. 'Microsoft Basic Render Driver' (Feature Level 11_0)
[2021.03.16-14.17.47:729][  0]LogD3D11RHI:       0/0/16339 MB DedicatedVideo/DedicatedSystem/SharedSystem, Outputs:0, VendorId:0x1414
[2021.03.16-14.17.47:729][  0]LogD3D11RHI: Chosen D3D11 Adapter: 0
[2021.03.16-14.17.47:735][  0]LogD3D11RHI: Creating new Direct3DDevice
[2021.03.16-14.17.47:735][  0]LogD3D11RHI:     GPU DeviceId: 0x1f02 (for the marketing name, search the web for "GPU Device Id")
[2021.03.16-14.17.47:735][  0]LogWindows: EnumDisplayDevices:
[2021.03.16-14.17.47:735][  0]LogWindows:    0. 'NVIDIA GeForce RTX 2070' (P:1 D:1)
[2021.03.16-14.17.47:736][  0]LogWindows:    1. 'NVIDIA GeForce RTX 2070' (P:0 D:0)
[2021.03.16-14.17.47:737][  0]LogWindows:    2. 'NVIDIA GeForce RTX 2070' (P:0 D:0)
[2021.03.16-14.17.47:738][  0]LogWindows:    3. 'NVIDIA GeForce RTX 2070' (P:0 D:0)
[2021.03.16-14.17.47:738][  0]LogWindows: DebugString: FoundDriverCount:4 
[2021.03.16-14.17.47:738][  0]LogD3D11RHI:     Adapter Name: NVIDIA GeForce RTX 2070
[2021.03.16-14.17.47:738][  0]LogD3D11RHI:   Driver Version: 456.71 (internal:27.21.14.5671, unified:456.71)
[2021.03.16-14.17.47:738][  0]LogD3D11RHI:      Driver Date: 9-30-2020
[2021.03.16-14.17.47:738][  0]LogRHI: Texture pool is 5621 MB (70% of 8031 MB)
[2021.03.16-14.17.47:778][  0]LogD3D11RHI: RHI has support for 64 bit atomics
[2021.03.16-14.17.47:780][  0]LogD3D11RHI: [Aftermath] Enabled and primed
[2021.03.16-14.17.47:780][  0]LogD3D11RHI: Async texture creation enabled
[2021.03.16-14.17.47:780][  0]LogD3D11RHI: Array index from any shader is supported
[2021.03.16-14.17.47:804][  0]LogD3D11RHI: GPU Timing Frequency: 1000.000000 (Debug: 2 2)
[2021.03.16-14.17.48:153][  0]LogTargetPlatformManager: Display: Loaded TargetPlatform 'AllDesktop'
[2021.03.16-14.17.48:171][  0]LogTargetPlatformManager: Display: Loaded TargetPlatform 'Android'
[2021.03.16-14.17.48:171][  0]LogTargetPlatformManager: Display: Loaded TargetPlatform 'Android_ASTC'
[2021.03.16-14.17.48:171][  0]LogTargetPlatformManager: Display: Loaded TargetPlatform 'Android_DXT'
[2021.03.16-14.17.48:171][  0]LogTargetPlatformManager: Display: Loaded TargetPlatform 'Android_ETC2'
[2021.03.16-14.17.48:172][  0]LogTargetPlatformManager: Display: Loaded TargetPlatform 'AndroidClient'
[2021.03.16-14.17.48:172][  0]LogTargetPlatformManager: Display: Loaded TargetPlatform 'Android_ASTCClient'
[2021.03.16-14.17.48:172][  0]LogTargetPlatformManager: Display: Loaded TargetPlatform 'Android_DXTClient'
[2021.03.16-14.17.48:172][  0]LogTargetPlatformManager: Display: Loaded TargetPlatform 'Android_ETC2Client'
[2021.03.16-14.17.48:172][  0]LogTargetPlatformManager: Display: Loaded TargetPlatform 'Android_Multi'
[2021.03.16-14.17.48:172][  0]LogTargetPlatformManager: Display: Loaded TargetPlatform 'Android_MultiClient'
[2021.03.16-14.17.48:193][  0]LogTargetPlatformManager: Display: Loaded TargetPlatform 'IOSClient'
[2021.03.16-14.17.48:193][  0]LogTargetPlatformManager: Display: Loaded TargetPlatform 'IOS'
[2021.03.16-14.17.48:202][  0]LogTargetPlatformManager: Display: Loaded TargetPlatform 'Linux'
[2021.03.16-14.17.48:210][  0]LogTargetPlatformManager: Display: Loaded TargetPlatform 'LinuxNoEditor'
[2021.03.16-14.17.48:219][  0]LogTargetPlatformManager: Display: Loaded TargetPlatform 'LinuxClient'
[2021.03.16-14.17.48:227][  0]LogTargetPlatformManager: Display: Loaded TargetPlatform 'LinuxServer'
[2021.03.16-14.17.48:235][  0]LogTargetPlatformManager: Display: Loaded TargetPlatform 'LinuxAArch64NoEditor'
[2021.03.16-14.17.48:243][  0]LogTargetPlatformManager: Display: Loaded TargetPlatform 'LinuxAArch64Client'
[2021.03.16-14.17.48:251][  0]LogTargetPlatformManager: Display: Loaded TargetPlatform 'LinuxAArch64Server'
[2021.03.16-14.17.48:272][  0]LogTargetPlatformManager: Display: Loaded TargetPlatform 'Lumin'
[2021.03.16-14.17.48:272][  0]LogTargetPlatformManager: Display: Loaded TargetPlatform 'LuminClient'
[2021.03.16-14.17.48:285][  0]LogTargetPlatformManager: Display: Loaded TargetPlatform 'TVOSClient'
[2021.03.16-14.17.48:285][  0]LogTargetPlatformManager: Display: Loaded TargetPlatform 'TVOS'
[2021.03.16-14.17.48:293][  0]LogTargetPlatformManager: Display: Loaded TargetPlatform 'WindowsNoEditor'
[2021.03.16-14.17.48:302][  0]LogTargetPlatformManager: Display: Loaded TargetPlatform 'Windows'
[2021.03.16-14.17.48:310][  0]LogTargetPlatformManager: Display: Loaded TargetPlatform 'WindowsClient'
[2021.03.16-14.17.48:318][  0]LogTargetPlatformManager: Display: Loaded TargetPlatform 'WindowsServer'
[2021.03.16-14.17.48:318][  0]LogTargetPlatformManager: Display: Building Assets For Windows
[2021.03.16-14.17.48:327][  0]LogAudioDebug: Display: Lib vorbis DLL was dynamically loaded.
[2021.03.16-14.17.48:390][  0]LogShaderCompilers: Guid format shader working directory is 30 characters bigger than the processId version (F:/xuhuan/my2d/Intermediate/Shaders/WorkingDirectory/18096/).
[2021.03.16-14.17.48:390][  0]LogShaderCompilers: Cleaned the shader compiler working directory 'C:/Users/asus/AppData/Local/Temp/UnrealShaderWorkingDir/885C77C447607407C94DA48A3F121011/'.
[2021.03.16-14.17.48:390][  0]LogXGEController: Cleaning working directory: C:/Users/asus/AppData/Local/Temp/UnrealXGEWorkingDir/
[2021.03.16-14.17.48:391][  0]LogXGEController: Cannot use XGE Controller as Incredibuild is not installed on this machine.
[2021.03.16-14.17.48:391][  0]LogShaderCompilers: Cannot use XGE Shader Compiler as Incredibuild is not installed on this machine.
[2021.03.16-14.17.48:391][  0]LogShaderCompilers: Display: Using Local Shader Compiler.
[2021.03.16-14.17.49:015][  0]LogDerivedDataCache: Display: Max Cache Size: 512 MB
[2021.03.16-14.17.49:057][  0]LogDerivedDataCache: Loaded boot cache 0.04s 76MB C:/Users/asus/AppData/Local/UnrealEngine/4.25/DerivedDataCache/Boot.ddc.
[2021.03.16-14.17.49:057][  0]LogDerivedDataCache: Display: Loaded Boot cache: C:/Users/asus/AppData/Local/UnrealEngine/4.25/DerivedDataCache/Boot.ddc
[2021.03.16-14.17.49:057][  0]LogDerivedDataCache: FDerivedDataBackendGraph:  Pak pak cache file F:/xuhuan/my2d/DerivedDataCache/DDC.ddp not found, will not use a pak cache.
[2021.03.16-14.17.49:057][  0]LogDerivedDataCache: Unable to find inner node Pak for hierarchical cache Hierarchy.
[2021.03.16-14.17.49:057][  0]LogDerivedDataCache: FDerivedDataBackendGraph:  CompressedPak pak cache file F:/xuhuan/my2d/DerivedDataCache/Compressed.ddp not found, will not use a pak cache.
[2021.03.16-14.17.49:057][  0]LogDerivedDataCache: Unable to find inner node CompressedPak for hierarchical cache Hierarchy.
[2021.03.16-14.17.49:065][  0]LogDerivedDataCache: Display: Pak cache opened for reading ../../../Engine/DerivedDataCache/Compressed.ddp.
[2021.03.16-14.17.49:065][  0]LogDerivedDataCache: FDerivedDataBackendGraph:  EnterprisePak pak cache file ../../../Enterprise/DerivedDataCache/Compressed.ddp not found, will not use a pak cache.
[2021.03.16-14.17.49:065][  0]LogDerivedDataCache: Unable to find inner node EnterprisePak for hierarchical cache Hierarchy.
[2021.03.16-14.17.49:066][  0]LogDerivedDataCache: Using Local data cache path C:/Users/asus/AppData/Local/UnrealEngine/Common/DerivedDataCache: Writable
[2021.03.16-14.17.49:066][  0]LogDerivedDataCache: Shared data cache path not found in *engine.ini, will not use an Shared cache.
[2021.03.16-14.17.49:066][  0]LogDerivedDataCache: Unable to find inner node Shared for hierarchical cache Hierarchy.
[2021.03.16-14.17.49:107][  0]LogSlate: Using FreeType 2.10.0
[2021.03.16-14.17.49:107][  0]LogSlate: SlateFontServices - WITH_FREETYPE: 1, WITH_HARFBUZZ: 1
[2021.03.16-14.17.49:132][  0]LogAssetRegistry: FAssetRegistry took 0.0022 seconds to start up
[2021.03.16-14.17.49:315][  0]LogInit: Selected Device Profile: [Windows]
[2021.03.16-14.17.49:414][  0]LogMeshReduction: Using QuadricMeshReduction for automatic static mesh reduction
[2021.03.16-14.17.49:414][  0]LogMeshReduction: Using SimplygonMeshReduction for automatic skeletal mesh reduction
[2021.03.16-14.17.49:414][  0]LogMeshReduction: Using ProxyLODMeshReduction for automatic mesh merging
[2021.03.16-14.17.49:414][  0]LogMeshReduction: No distributed automatic mesh merging module available
[2021.03.16-14.17.49:414][  0]LogMeshMerging: No distributed automatic mesh merging module available
[2021.03.16-14.17.49:427][  0]LogNetVersion: my2d 1.0.0, NetCL: 13144385, EngineNetVer: 14, GameNetVer: 0 (Checksum: 850280108)
[2021.03.16-14.17.49:794][  0]LogAISub: UAISubsystem::UAISubsystem AISubsystem (000002003B3579C0), frame # 0
[2021.03.16-14.17.49:794][  0]LogAISub: UAISubsystem::UAISubsystem AIPerceptionSystem (000002003B347C40), frame # 0
[2021.03.16-14.17.49:795][  0]LogAISub: UAISubsystem::UAISubsystem EnvQueryManager (000002003B3A6000), frame # 0
[2021.03.16-14.17.49:851][  0]LogPackageLocalizationCache: Processed 19 localized package path(s) for 2 prioritized culture(s) in 0.051426 seconds
[2021.03.16-14.17.49:855][  0]LogUObjectArray: 15917 objects as part of root set at end of initial load.
[2021.03.16-14.17.49:855][  0]LogUObjectAllocator: 3965568 out of 0 bytes used by permanent object pool.
[2021.03.16-14.17.49:855][  0]LogUObjectArray: CloseDisregardForGC: 0/0 objects in disregard for GC pool
[2021.03.16-14.17.50:181][  0]LogTcpMessaging: Initializing TcpMessaging bridge
[2021.03.16-14.17.50:186][  0]LogUdpMessaging: Initializing bridge on interface 0.0.0.0:0 to multicast group 230.0.0.1:6666.
[2021.03.16-14.17.50:266][  0]SourceControl: 源码管理已禁用
[2021.03.16-14.17.50:267][  0]SourceControl: 源码管理已禁用
[2021.03.16-14.17.50:270][  0]SourceControl: 源码管理已禁用
[2021.03.16-14.17.50:273][  0]SourceControl: 源码管理已禁用
[2021.03.16-14.17.50:281][  0]SourceControl: 源码管理已禁用
[2021.03.16-14.17.50:530][  0]LogAndroidPermission: UAndroidPermissionCallbackProxy::GetInstance
[2021.03.16-14.17.50:551][  0]LogAudioCaptureCore: Display: No Audio Capture implementations found. Audio input will be silent.
[2021.03.16-14.17.50:551][  0]LogAudioCaptureCore: Display: No Audio Capture implementations found. Audio input will be silent.
[2021.03.16-14.17.50:596][  0]LogOcInput: OculusInput pre-init called
[2021.03.16-14.17.50:607][  0]LogWindows: Failed to load 'OVRPlugin.dll' (GetLastError=126)
[2021.03.16-14.17.50:607][  0]LogWindows: File 'OVRPlugin.dll' does not exist
[2021.03.16-14.17.50:663][  0]LogEngine: Initializing Engine...
[2021.03.16-14.17.50:664][  0]LogHMD: Failed to initialize OpenVR with code 110
[2021.03.16-14.17.50:664][  0]LogMagicLeap: Warning: VR disabled because ZI is not enabled.  To enable, in the editor, Edit -> Project Settings -> Plugins -> Magic Leap Plugin -> Enable Zero Iteration
[2021.03.16-14.17.50:665][  0]LogStats: UGameplayTagsManager::InitializeManager -  0.000 s
[2021.03.16-14.17.50:757][  0]LogInit: Initializing FReadOnlyCVARCache
[2021.03.16-14.17.50:764][  0]LogAIModule: Creating AISystem for world Untitled
[2021.03.16-14.17.50:764][  0]LogAISub: UAISubsystem::UAISubsystem EnvQueryManager (000002004211FC00), frame # 0
[2021.03.16-14.17.50:764][  0]LogAISub: UAISubsystem::UAISubsystem AIPerceptionSystem (000002004217D440), frame # 0
[2021.03.16-14.17.50:780][  0]LogAudioMixer: Display: Audio Mixer Platform Settings:
[2021.03.16-14.17.50:780][  0]LogAudioMixer: Display: 	Sample Rate:						  48000
[2021.03.16-14.17.50:780][  0]LogAudioMixer: Display: 	Callback Buffer Frame Size Requested: 1024
[2021.03.16-14.17.50:780][  0]LogAudioMixer: Display: 	Callback Buffer Frame Size To Use:	  1024
[2021.03.16-14.17.50:780][  0]LogAudioMixer: Display: 	Number of buffers to queue:			  2
[2021.03.16-14.17.50:780][  0]LogAudioMixer: Display: 	Max Channels (voices):				  32
[2021.03.16-14.17.50:780][  0]LogAudioMixer: Display: 	Number of Async Source Workers:		  0
[2021.03.16-14.17.50:780][  0]LogAudio: Display: AudioDevice MaxSources: 32
[2021.03.16-14.17.50:780][  0]LogAudio: Display: Using built-in audio occlusion.
[2021.03.16-14.17.50:780][  0]LogAudioMixer: Display: Initializing audio mixer.
[2021.03.16-14.17.50:806][  0]LogAudioMixer: Display: 0: FrontLeft
[2021.03.16-14.17.50:806][  0]LogAudioMixer: Display: 1: FrontRight
[2021.03.16-14.17.50:939][  0]LogAudioMixer: Display: Using Audio Device 扬声器 (Realtek(R) Audio)
[2021.03.16-14.17.50:943][  0]LogAudioMixer: Display: Initializing Sound Submixes...
[2021.03.16-14.17.50:945][  0]LogAudioMixer: Display: Creating Master Submix 'MasterSubmixDefault'
[2021.03.16-14.17.50:945][  0]LogAudioMixer: Display: Creating Master Submix 'MasterReverbSubmixDefault'
[2021.03.16-14.17.50:946][  0]LogAudioMixer: Display: Creating Master Submix 'MasterEQSubmixDefault'
[2021.03.16-14.17.50:946][  0]LogInit: FAudioDevice initialized.
[2021.03.16-14.17.50:947][  0]LogNetVersion: Set ProjectVersion to 1.0.0.0. Version Checksum will be recalculated on next use.
[2021.03.16-14.17.51:020][  0]LogDerivedDataCache: Saved boot cache 0.07s 76MB C:/Users/asus/AppData/Local/UnrealEngine/4.25/DerivedDataCache/Boot.ddc.
[2021.03.16-14.17.51:020][  0]LogInit: Texture streaming: Enabled
[2021.03.16-14.17.51:037][  0]LogEngineSessionManager: EngineSessionManager initialized
[2021.03.16-14.17.51:038][  0]LogEditorSessionSummary: Verbose: Initializing EditorSessionSummaryWriter for editor session tracking
[2021.03.16-14.17.51:041][  0]LogEditorSessionSummary: EditorSessionSummaryWriter initialized
[2021.03.16-14.17.51:107][  0]LogInit: Transaction tracking system initialized
[2021.03.16-14.17.51:138][  0]BlueprintLog: New page: 编辑器加载
[2021.03.16-14.17.51:209][  0]LocalizationService: 本地化服务已禁用
[2021.03.16-14.17.51:361][  0]LogCook: Display: Max memory allowance for cook 16384mb min free memory 0mb
[2021.03.16-14.17.51:361][  0]LogCook: Display: Mobile HDR setting 0
[2021.03.16-14.17.51:502][  0]LogFileCache: Scanning file cache for directory 'F:/xuhuan/my2d/Content/' took 0.00s
[2021.03.16-14.17.51:714][  0]SourceControl: 源码管理已禁用
[2021.03.16-14.17.51:714][  0]LogUnrealEdMisc: Loading editor; pre map load, took 14.556
[2021.03.16-14.17.51:714][  0]Cmd: MAP LOAD FILE="F:/xuhuan/my2d/Content/2DSideScrollerBP/Maps/2DSideScrollerExampleMap.umap" TEMPLATE=0 SHOWPROGRESS=1 FEATURELEVEL=3
[2021.03.16-14.17.51:715][  0]LightingResults: New page: 光照构建
[2021.03.16-14.17.51:715][  0]LogWorld: UWorld::CleanupWorld for Untitled, bSessionEnded=true, bCleanupResources=true
[2021.03.16-14.17.51:715][  0]LogSlate: InvalidateAllWidgets triggered.  All widgets were invalidated
[2021.03.16-14.17.51:715][  0]MapCheck: New page: 地图检测
[2021.03.16-14.17.51:715][  0]LightingResults: New page: 光照构建
[2021.03.16-14.17.51:724][  0]LogAISub: UAISubsystem::~UAISubsystem EnvQueryManager (000002004211FC00), frame # 0
[2021.03.16-14.17.51:724][  0]LogAISub: UAISubsystem::~UAISubsystem AIPerceptionSystem (000002004217D440), frame # 0
[2021.03.16-14.17.51:725][  0]LogUObjectHash: Compacting FUObjectHashTables data took   0.55ms
[2021.03.16-14.17.52:014][  0]LogAIModule: Creating AISystem for world 2DSideScrollerExampleMap
[2021.03.16-14.17.52:014][  0]LogAISub: UAISubsystem::UAISubsystem EnvQueryManager (00000200424C5600), frame # 0
[2021.03.16-14.17.52:014][  0]LogAISub: UAISubsystem::UAISubsystem AIPerceptionSystem (0000020042BB91C0), frame # 0
[2021.03.16-14.17.52:121][  0]LogEditorServer: Finished looking for orphan Actors (0.000 secs)
[2021.03.16-14.17.52:143][  0]LogUObjectHash: Compacting FUObjectHashTables data took   1.05ms
[2021.03.16-14.17.52:144][  0]Cmd: MAP CHECKDEP NOCLEARLOG
[2021.03.16-14.17.52:144][  0]MapCheck: 地图检测完成：0个错误、0个警告、完成用时0.108毫秒。
[2021.03.16-14.17.52:144][  0]LogFileHelpers: Loading map '2DSideScrollerExampleMap' took 0.429
[2021.03.16-14.17.52:146][  0]LogUnrealEdMisc: Total Editor Startup Time, took 14.988
[2021.03.16-14.17.52:779][  0]LogSlate: Took 0.000137 seconds to synchronously load lazily loaded font '../../../Engine/Content/Slate/Fonts/Roboto-Regular.ttf' (155K)
[2021.03.16-14.17.52:781][  0]LogSlate: Took 0.001128 seconds to synchronously load lazily loaded font '../../../Engine/Content/Slate/Fonts/DroidSansFallback.ttf' (3848K)
[2021.03.16-14.17.53:668][  0]LogSlate: Updating window title bar state: overlay mode, drag disabled, window buttons hidden, title bar hidden
[2021.03.16-14.17.53:678][  0]LogSlate: Updating window title bar state: overlay mode, drag disabled, window buttons hidden, title bar hidden
[2021.03.16-14.17.53:683][  0]LogSlate: Updating window title bar state: overlay mode, drag disabled, window buttons hidden, title bar hidden
[2021.03.16-14.17.53:688][  0]LogSlate: Updating window title bar state: overlay mode, drag disabled, window buttons hidden, title bar hidden
[2021.03.16-14.17.53:751][  0]LogCollectionManager: Loaded 0 collections in 0.001875 seconds
[2021.03.16-14.17.53:854][  0]LogFileCache: Scanning file cache for directory 'F:/xuhuan/my2d/Saved/Collections/' took 0.00s
[2021.03.16-14.17.53:854][  0]LogFileCache: Scanning file cache for directory 'F:/xuhuan/my2d/Content/Developers/asus/Collections/' took 0.00s
[2021.03.16-14.17.53:854][  0]LogFileCache: Scanning file cache for directory 'F:/xuhuan/my2d/Content/Collections/' took 0.00s
[2021.03.16-14.17.53:854][  0]LogContentBrowser: Native class hierarchy populated in 0.0093 seconds. Added 3427 classes and 821 folders.
[2021.03.16-14.17.53:864][  0]LogContentBrowser: Native class hierarchy updated for 'WidgetCarousel' in 0.0002 seconds. Added 0 classes and 0 folders.
[2021.03.16-14.17.54:871][  0]LogContentBrowser: Native class hierarchy updated for 'AddContentDialog' in 0.0007 seconds. Added 0 classes and 0 folders.
[2021.03.16-14.17.54:954][  0]LogSlate: The tab "JavascriptLog" attempted to spawn but failed for some reason. It will not be displayed but it will still be saved in the layout settings file.
[2021.03.16-14.17.55:000][  0]LogContentBrowser: Native class hierarchy updated for 'SceneOutliner' in 0.0008 seconds. Added 2 classes and 0 folders.
[2021.03.16-14.17.55:369][  0]LogSlate: Took 0.000148 seconds to synchronously load lazily loaded font '../../../Engine/Content/Slate/Fonts/Roboto-Bold.ttf' (160K)
[2021.03.16-14.17.55:384][  0]LogSlate: Took 0.013098 seconds to synchronously load lazily loaded font '../../../Engine/Content/Editor/Slate/Fonts/FontAwesome.ttf' (139K)
[2021.03.16-14.17.56:120][  0]LogRenderer: Reallocating scene render targets to support 2076x808 Format 10 NumSamples 1 (Frame:1).
[2021.03.16-14.17.56:376][  0]LogContentBrowser: Native class hierarchy updated for 'HierarchicalLODOutliner' in 0.0002 seconds. Added 0 classes and 0 folders.
[2021.03.16-14.17.56:376][  0]LogLoad: (Engine Initialization) Total time: 19.22 seconds
[2021.03.16-14.17.56:376][  0]LogLoad: (Engine Initialization) Total Blueprint compile time: 0.00 seconds
[2021.03.16-14.17.56:789][  0]LogAssetRegistry: Asset discovery search completed in 7.6581 seconds
[2021.03.16-14.17.56:791][  0]LogCollectionManager: Fixed up redirectors for 0 collections in 0.000002 seconds (updated 0 objects)
[2021.03.16-14.17.56:792][  0]LogContentStreaming: Texture pool size now 1000 MB
[2021.03.16-14.17.57:396][ 58]LogSlate: Took 0.005885 seconds to synchronously load lazily loaded font '../../../Engine/Content/Slate/Fonts/Roboto-Light.ttf' (167K)
[2021.03.16-14.18.07:804][232]LogWindows: Warning: CreateProc failed: 系统找不到指定的文件。 (0x00000002)
[2021.03.16-14.18.07:804][232]LogWindows: Warning: URL: C:/Program Files/Git/bin/git.exe version
[2021.03.16-14.18.07:804][232]LogWindows: Warning: CreateProc failed: 系统找不到指定的文件。 (0x00000002)
[2021.03.16-14.18.07:804][232]LogWindows: Warning: URL: C:/Program Files (x86)/Git/bin/git.exe version
[2021.03.16-14.18.07:804][232]LogWindows: Warning: CreateProc failed: 系统找不到指定的文件。 (0x00000002)
[2021.03.16-14.18.07:804][232]LogWindows: Warning: URL: C:\Users\asus\AppData\Local/Programs/Git/cmd/git.exe version
[2021.03.16-14.18.07:804][232]LogWindows: Warning: CreateProc failed: 系统找不到指定的文件。 (0x00000002)
[2021.03.16-14.18.07:804][232]LogWindows: Warning: URL: C:/Program Files (x86)/SmartGit/git/bin/git.exe version
[2021.03.16-14.18.07:804][232]LogWindows: Warning: CreateProc failed: 系统找不到指定的文件。 (0x00000002)
[2021.03.16-14.18.07:804][232]LogWindows: Warning: URL: C:/Program Files (x86)/SmartGit/bin/git.exe version
[2021.03.16-14.18.07:804][232]LogWindows: Warning: CreateProc failed: 系统找不到指定的文件。 (0x00000002)
[2021.03.16-14.18.07:804][232]LogWindows: Warning: URL: C:\Users\asus\AppData\Local/Atlassian/SourceTree/git_local/bin/git.exe version
[2021.03.16-14.18.07:804][232]LogWindows: Warning: CreateProc failed: 系统找不到指定的文件。 (0x00000002)
[2021.03.16-14.18.07:804][232]LogWindows: Warning: URL: C:/Program Files (x86)/fournova/Tower/vendor/Git/bin/git.exe version
[2021.03.16-14.18.11:125][620]LogWindows: Warning: CreateProc failed: 拒绝访问。 (0x00000005)
[2021.03.16-14.18.11:125][620]LogWindows: Warning: URL: G:/ruanjian/xuhuan4/UE_4.25/Engine/Binaries/Win64/ version
[2021.03.16-14.19.03:697][890]SourceControl: 源码管理已禁用
[2021.03.16-14.19.03:697][890]LogSlate: Window '源码管理登陆' being destroyed
[2021.03.16-14.19.06:538][133]LogSlate: Window '教程' being destroyed
[2021.03.16-14.19.15:077][127]LogSlate: Window '教程' being destroyed
[2021.03.16-14.19.15:085][127]LogSlate: Window '教程' being destroyed
[2021.03.16-14.19.15:997][236]LogTemp: Repeating last play command: 选中的视口
[2021.03.16-14.19.16:020][236]LogPlayLevel: PlayLevel: No blueprints needed recompiling
[2021.03.16-14.19.16:045][236]PIE: New page: PIE会话：2DSideScrollerExampleMap（2021年3月17日 上午6:19:16）
[2021.03.16-14.19.16:059][236]LogOnline: OSS: Creating online subsystem instance for: NULL
[2021.03.16-14.19.16:066][236]LogOnline: OSS: TryLoadSubsystemAndSetDefault: Loaded subsystem for module [NULL]
[2021.03.16-14.19.16:066][236]LogPlayLevel: Creating play world package: /Game/2DSideScrollerBP/Maps/UEDPIE_0_2DSideScrollerExampleMap
[2021.03.16-14.19.16:076][236]LogPlayLevel: PIE: StaticDuplicateObject took: (0.009806s)
[2021.03.16-14.19.16:077][236]LogAIModule: Creating AISystem for world 2DSideScrollerExampleMap
[2021.03.16-14.19.16:077][236]LogAISub: UAISubsystem::UAISubsystem EnvQueryManager (0000020092BD3E00), frame # 4236
[2021.03.16-14.19.16:077][236]LogAISub: UAISubsystem::UAISubsystem AIPerceptionSystem (00000200936D7D80), frame # 4236
[2021.03.16-14.19.16:077][236]LogPlayLevel: PIE: World Init took: (0.000889s)
[2021.03.16-14.19.16:077][236]LogPlayLevel: PIE: Created PIE world by copying editor world from /Game/2DSideScrollerBP/Maps/2DSideScrollerExampleMap.2DSideScrollerExampleMap to /Game/2DSideScrollerBP/Maps/UEDPIE_0_2DSideScrollerExampleMap.2DSideScrollerExampleMap (0.011037s)
[2021.03.16-14.19.16:088][236]LogUObjectHash: Compacting FUObjectHashTables data took   0.72ms
[2021.03.16-14.19.16:090][236]LogAudioMixer: Display: Audio Mixer Platform Settings:
[2021.03.16-14.19.16:090][236]LogAudioMixer: Display: 	Sample Rate:						  48000
[2021.03.16-14.19.16:090][236]LogAudioMixer: Display: 	Callback Buffer Frame Size Requested: 1024
[2021.03.16-14.19.16:090][236]LogAudioMixer: Display: 	Callback Buffer Frame Size To Use:	  1024
[2021.03.16-14.19.16:090][236]LogAudioMixer: Display: 	Number of buffers to queue:			  2
[2021.03.16-14.19.16:090][236]LogAudioMixer: Display: 	Max Channels (voices):				  32
[2021.03.16-14.19.16:090][236]LogAudioMixer: Display: 	Number of Async Source Workers:		  0
[2021.03.16-14.19.16:090][236]LogAudio: Display: AudioDevice MaxSources: 32
[2021.03.16-14.19.16:090][236]LogAudio: Display: Using built-in audio occlusion.
[2021.03.16-14.19.16:090][236]LogAudioMixer: Display: Initializing audio mixer.
[2021.03.16-14.19.16:109][236]LogAudioMixer: Display: 0: FrontLeft
[2021.03.16-14.19.16:109][236]LogAudioMixer: Display: 1: FrontRight
[2021.03.16-14.19.16:120][236]LogAudioMixer: Error: XAudio2 Error: Result -> 0x80010106: 无法在设置线程模式后对其加以更改。 (line: 887)
[2021.03.16-14.19.16:147][236]LogAudioMixer: Display: 0: FrontLeft
[2021.03.16-14.19.16:147][236]LogAudioMixer: Display: 1: FrontRight
[2021.03.16-14.19.16:155][236]LogAudioMixer: Error: XAudio2 Error: Result -> 0x80010106: 无法在设置线程模式后对其加以更改。 (line: 887)
[2021.03.16-14.19.16:162][236]LogOutputDevice: Warning: 

Script Stack (0 frames):

[2021.03.16-14.19.16:162][236]LogWindows: Windows GetLastError: 操作成功完成。 (0)
[2021.03.16-14.19.23:709][236]LogWindows: Error: === Critical error: ===
[2021.03.16-14.19.23:709][236]LogWindows: Error: 
[2021.03.16-14.19.23:709][236]LogWindows: Error: Assertion failed: MasterSubmixes.Num() == EMasterSubmixType::Count [File:D:/Build/++UE4+Licensee/Sync/Engine/Source/Runtime/AudioMixer/Private/AudioMixerDevice.cpp] [Line: 1127] 
[2021.03.16-14.19.23:709][236]LogWindows: Error: 
[2021.03.16-14.19.23:709][236]LogWindows: Error: 
[2021.03.16-14.19.23:709][236]LogWindows: Error: 
[2021.03.16-14.19.23:709][236]LogWindows: Error: [Callstack] 0x00007ff871283b29 KERNELBASE.dll!UnknownFunction []
[2021.03.16-14.19.23:709][236]LogWindows: Error: [Callstack] 0x00007ff82187eb46 UE4Editor-Core.dll!UnknownFunction []
[2021.03.16-14.19.23:709][236]LogWindows: Error: [Callstack] 0x00007ff821881f28 UE4Editor-Core.dll!UnknownFunction []
[2021.03.16-14.19.23:709][236]LogWindows: Error: [Callstack] 0x00007ff82160e53d UE4Editor-Core.dll!UnknownFunction []
[2021.03.16-14.19.23:709][236]LogWindows: Error: [Callstack] 0x00007ff8215997b5 UE4Editor-Core.dll!UnknownFunction []
[2021.03.16-14.19.23:709][236]LogWindows: Error: [Callstack] 0x00007ff82159baf0 UE4Editor-Core.dll!UnknownFunction []
[2021.03.16-14.19.23:709][236]LogWindows: Error: [Callstack] 0x00007ff83e670017 UE4Editor-AudioMixer.dll!UnknownFunction []
[2021.03.16-14.19.23:709][236]LogWindows: Error: [Callstack] 0x00007ff83e67315c UE4Editor-AudioMixer.dll!UnknownFunction []
[2021.03.16-14.19.23:709][236]LogWindows: Error: [Callstack] 0x00007ff83e6a1576 UE4Editor-AudioMixer.dll!UnknownFunction []
[2021.03.16-14.19.23:709][236]LogWindows: Error: [Callstack] 0x00007ff8125ea81e UE4Editor-Engine.dll!UnknownFunction []
[2021.03.16-14.19.23:709][236]LogWindows: Error: [Callstack] 0x00007ff8126132ea UE4Editor-Engine.dll!UnknownFunction []
[2021.03.16-14.19.23:709][236]LogWindows: Error: [Callstack] 0x00007ff8125f785f UE4Editor-Engine.dll!UnknownFunction []
[2021.03.16-14.19.23:709][236]LogWindows: Error: [Callstack] 0x00007ff8125c9d0c UE4Editor-Engine.dll!UnknownFunction []
[2021.03.16-14.19.23:709][236]LogWindows: Error: [Callstack] 0x00007ff8125e0076 UE4Editor-Engine.dll!UnknownFunction []
[2021.03.16-14.19.23:709][236]LogWindows: Error: [Callstack] 0x00007ff8126077fc UE4Editor-Engine.dll!UnknownFunction []
[2021.03.16-14.19.23:709][236]LogWindows: Error: [Callstack] 0x00007ff812a484c9 UE4Editor-Engine.dll!UnknownFunction []
[2021.03.16-14.19.23:709][236]LogWindows: Error: [Callstack] 0x00007ff81120179d UE4Editor-UnrealEd.dll!UnknownFunction []
[2021.03.16-14.19.23:709][236]LogWindows: Error: [Callstack] 0x00007ff81122311c UE4Editor-UnrealEd.dll!UnknownFunction []
[2021.03.16-14.19.23:709][236]LogWindows: Error: [Callstack] 0x00007ff811203189 UE4Editor-UnrealEd.dll!UnknownFunction []
[2021.03.16-14.19.23:709][236]LogWindows: Error: [Callstack] 0x00007ff81123ecda UE4Editor-UnrealEd.dll!UnknownFunction []
[2021.03.16-14.19.23:709][236]LogWindows: Error: [Callstack] 0x00007ff811241f9d UE4Editor-UnrealEd.dll!UnknownFunction []
[2021.03.16-14.19.23:709][236]LogWindows: Error: [Callstack] 0x00007ff811241978 UE4Editor-UnrealEd.dll!UnknownFunction []
[2021.03.16-14.19.23:709][236]LogWindows: Error: [Callstack] 0x00007ff810cca034 UE4Editor-UnrealEd.dll!UnknownFunction []
[2021.03.16-14.19.23:709][236]LogWindows: Error: [Callstack] 0x00007ff8115a00d6 UE4Editor-UnrealEd.dll!UnknownFunction []
[2021.03.16-14.19.23:709][236]LogWindows: Error: [Callstack] 0x00007ff7139a7800 UE4Editor.exe!UnknownFunction []
[2021.03.16-14.19.23:709][236]LogWindows: Error: [Callstack] 0x00007ff7139bba7c UE4Editor.exe!UnknownFunction []
[2021.03.16-14.19.23:709][236]LogWindows: Error: [Callstack] 0x00007ff7139bbb5a UE4Editor.exe!UnknownFunction []
[2021.03.16-14.19.23:709][236]LogWindows: Error: [Callstack] 0x00007ff7139ce31d UE4Editor.exe!UnknownFunction []
[2021.03.16-14.19.23:709][236]LogWindows: Error: [Callstack] 0x00007ff7139d145a UE4Editor.exe!UnknownFunction []
[2021.03.16-14.19.23:709][236]LogWindows: Error: [Callstack] 0x00007ff871f87c24 KERNEL32.DLL!UnknownFunction []
[2021.03.16-14.19.23:709][236]LogWindows: Error: [Callstack] 0x00007ff873f2d721 ntdll.dll!UnknownFunction []
[2021.03.16-14.19.23:709][236]LogWindows: Error: 
[2021.03.16-14.19.23:724][236]LogExit: Executing StaticShutdownAfterError
[2021.03.16-14.19.23:725][236]LogWindows: FPlatformMisc::RequestExit(1)
[2021.03.16-14.19.23:725][236]LogCore: Engine exit requested (reason: Win RequestExit)
[2021.03.16-14.19.23:757][236]Log file closed, 03/16/21 22:19:23
